Determining if the pthread_create exist failed with the following output:
Change Dir: /home/sai/git/ros_tutorial/ros_tut/build/CMakeFiles/CMakeTmp

Run Build Command:/usr/bin/make "cmTryCompileExec3981837214/fast"
/usr/bin/make -f CMakeFiles/cmTryCompileExec3981837214.dir/build.make CMakeFiles/cmTryCompileExec3981837214.dir/build
make[1]: Entering directory `/home/sai/git/ros_tutorial/ros_tut/build/CMakeFiles/CMakeTmp'
/usr/bin/cmake -E cmake_progress_report /home/sai/git/ros_tutorial/ros_tut/build/CMakeFiles/CMakeTmp/CMakeFiles 1
Building C object CMakeFiles/cmTryCompileExec3981837214.dir/CheckSymbolExists.c.o
/usr/bin/cc    -o CMakeFiles/cmTryCompileExec3981837214.dir/CheckSymbolExists.c.o   -c /home/sai/git/ros_tutorial/ros_tut/build/CMakeFiles/CMakeTmp/CheckSymbolExists.c
Linking C executable cmTryCompileExec3981837214
/usr/bin/cmake -E cmake_link_script CMakeFiles/cmTryCompileExec3981837214.dir/link.txt --verbose=1
/usr/bin/cc       CMakeFiles/cmTryCompileExec3981837214.dir/CheckSymbolExists.c.o  -o cmTryCompileExec3981837214 -rdynamic 
CMakeFiles/cmTryCompileExec3981837214.dir/CheckSymbolExists.c.o: In function `main':
CheckSymbolExists.c:(.text+0x16): undefined reference to `pthread_create'
collect2: error: ld returned 1 exit status
make[1]: *** [cmTryCompileExec3981837214] Error 1
make[1]: Leaving directory `/home/sai/git/ros_tutorial/ros_tut/build/CMakeFiles/CMakeTmp'
make: *** [cmTryCompileExec3981837214/fast] Error 2

File /home/sai/git/ros_tutorial/ros_tut/build/CMakeFiles/CMakeTmp/CheckSymbolExists.c:
/* */
#include <pthread.h>

int main(int argc, char** argv)
{
  (void)argv;
#ifndef pthread_create
  return ((int*)(&pthread_create))[argc];
#else
  (void)argc;
  return 0;
#endif
}

Determining if the function pthread_create exists in the pthreads failed with the following output:
Change Dir: /home/sai/git/ros_tutorial/ros_tut/build/CMakeFiles/CMakeTmp

Run Build Command:/usr/bin/make "cmTryCompileExec1534451359/fast"
/usr/bin/make -f CMakeFiles/cmTryCompileExec1534451359.dir/build.make CMakeFiles/cmTryCompileExec1534451359.dir/build
make[1]: Entering directory `/home/sai/git/ros_tutorial/ros_tut/build/CMakeFiles/CMakeTmp'
/usr/bin/cmake -E cmake_progress_report /home/sai/git/ros_tutorial/ros_tut/build/CMakeFiles/CMakeTmp/CMakeFiles 1
Building C object CMakeFiles/cmTryCompileExec1534451359.dir/CheckFunctionExists.c.o
/usr/bin/cc   -DCHECK_FUNCTION_EXISTS=pthread_create   -o CMakeFiles/cmTryCompileExec1534451359.dir/CheckFunctionExists.c.o   -c /usr/share/cmake-2.8/Modules/CheckFunctionExists.c
Linking C executable cmTryCompileExec1534451359
/usr/bin/cmake -E cmake_link_script CMakeFiles/cmTryCompileExec1534451359.dir/link.txt --verbose=1
/usr/bin/cc   -DCHECK_FUNCTION_EXISTS=pthread_create    CMakeFiles/cmTryCompileExec1534451359.dir/CheckFunctionExists.c.o  -o cmTryCompileExec1534451359 -rdynamic -lpthreads 
/usr/bin/ld: cannot find -lpthreads
collect2: error: ld returned 1 exit status
make[1]: *** [cmTryCompileExec1534451359] Error 1
make[1]: Leaving directory `/home/sai/git/ros_tutorial/ros_tut/build/CMakeFiles/CMakeTmp'
make: *** [cmTryCompileExec1534451359/fast] Error 2


